<?xml version="1.0" encoding="UTF-8" ?>
<testsuite tests="2" failures="0" name="multibags7.RunCucumberTest" time="24.713" errors="1" skipped="0">
  <properties>
[...]
</properties>
  <testcase classname="Envio de contato" name="Envio de contato com sucesso" time="10.591"/>
  <testcase classname="Login" name="Login com Sucesso" time="14.122">
    <error message="Expected condition failed: waiting for multibags7.Stepdefs$2@7a1234bf (tried for 10 second(s) with 500 milliseconds interval)
Build info: version: &apos;3.141.59&apos;, revision: &apos;e82be7d358&apos;, time: &apos;2018-11-14T08:17:03&apos;
System info: host: &apos;jbook&apos;, ip: &apos;fe80:0:0:0:8d9:593c:7df8:16a1%en0&apos;, os.name: &apos;Mac OS X&apos;, os.arch: &apos;x86_64&apos;, os.version: &apos;10.14.6&apos;, java.version: &apos;1.8.0_191&apos;
Driver info: org.openqa.selenium.safari.SafariDriver
Capabilities {acceptInsecureCerts: false, browserName: Safari, browserVersion: 13.0.2, javascriptEnabled: true, platform: MAC, platformName: MAC, safari:automaticInspection: false, safari:automaticProfiling: false, safari:diagnose: false, safari:platformBuildVersion: 18G103, safari:platformVersion: 10.14.6, safari:useSimulator: false, setWindowRect: true, strictFileInteractability: false, webkit:WebRTC: {DisableICECandidateFiltering: false, DisableInsecureMediaCapture: false}}
Session ID: 9BF51ED3-B6F6-4073-8DE9-5DB6CC1A4A34" type="org.openqa.selenium.TimeoutException">org.openqa.selenium.TimeoutException: Expected condition failed: waiting for multibags7.Stepdefs$2@7a1234bf (tried for 10 second(s) with 500 milliseconds interval)
Build info: version: &apos;3.141.59&apos;, revision: &apos;e82be7d358&apos;, time: &apos;2018-11-14T08:17:03&apos;
System info: host: &apos;jbook&apos;, ip: &apos;fe80:0:0:0:8d9:593c:7df8:16a1%en0&apos;, os.name: &apos;Mac OS X&apos;, os.arch: &apos;x86_64&apos;, os.version: &apos;10.14.6&apos;, java.version: &apos;1.8.0_191&apos;
Driver info: org.openqa.selenium.safari.SafariDriver
Capabilities {acceptInsecureCerts: false, browserName: Safari, browserVersion: 13.0.2, javascriptEnabled: true, platform: MAC, platformName: MAC, safari:automaticInspection: false, safari:automaticProfiling: false, safari:diagnose: false, safari:platformBuildVersion: 18G103, safari:platformVersion: 10.14.6, safari:useSimulator: false, setWindowRect: true, strictFileInteractability: false, webkit:WebRTC: {DisableICECandidateFiltering: false, DisableInsecureMediaCapture: false}}
Session ID: 9BF51ED3-B6F6-4073-8DE9-5DB6CC1A4A34
	at org.openqa.selenium.support.ui.WebDriverWait.timeoutException(WebDriverWait.java:95)
	at org.openqa.selenium.support.ui.FluentWait.until(FluentWait.java:272)
	at multibags7.Stepdefs.o_sistema_deve_apresentar_a_tela_de_dashboard_do_cliente(Stepdefs.java:75)
	at ✽.o sistema deve apresentar a tela de dashboard do cliente(classpath:multibags7/login.feature:8)
</error>
    <system-err>out 12, 2019 12:10:19 PM org.openqa.selenium.remote.ProtocolHandshake createSession
INFORMAÇÕES: Detected dialect: W3C
</system-err>
  </testcase>
</testsuite>